<?xml version="1.0" encoding="UTF-8"?>
<coverage generated="1778150203136" clover="3.2.0">
  <project timestamp="1778150203136" name="All files">
    <metrics statements="48" coveredstatements="48" conditionals="35" coveredconditionals="33" methods="24" coveredmethods="24" elements="107" coveredelements="105" complexity="0" loc="48" ncloc="48" packages="3" files="5" classes="5"/>
    <package name="api">
      <metrics statements="11" coveredstatements="11" conditionals="10" coveredconditionals="9" methods="6" coveredmethods="6"/>
      <file name="auth.ts" path="/Users/pierreconnes/Documents/vitilink/vitilink-app/front/src/lib/api/auth.ts">
        <metrics statements="5" coveredstatements="5" conditionals="0" coveredconditionals="0" methods="4" coveredmethods="4"/>
        <line num="4" count="1" type="stmt"/>
        <line num="5" count="1" type="stmt"/>
        <line num="8" count="1" type="stmt"/>
        <line num="11" count="1" type="stmt"/>
        <line num="14" count="1" type="stmt"/>
      </file>
      <file name="http.ts" path="/Users/pierreconnes/Documents/vitilink/vitilink-app/front/src/lib/api/http.ts">
        <metrics statements="6" coveredstatements="6" conditionals="10" coveredconditionals="9" methods="2" coveredmethods="2"/>
        <line num="1" count="2" type="cond" truecount="1" falsecount="1"/>
        <line num="4" count="7" type="stmt"/>
        <line num="10" count="7" type="stmt"/>
        <line num="12" count="7" type="cond" truecount="2" falsecount="0"/>
        <line num="13" count="3" type="cond" truecount="3" falsecount="0"/>
        <line num="16" count="4" type="stmt"/>
      </file>
    </package>
    <package name="stores">
      <metrics statements="18" coveredstatements="18" conditionals="1" coveredconditionals="1" methods="13" coveredmethods="13"/>
      <file name="toast.ts" path="/Users/pierreconnes/Documents/vitilink/vitilink-app/front/src/lib/stores/toast.ts">
        <metrics statements="12" coveredstatements="12" conditionals="1" coveredconditionals="1" methods="10" coveredmethods="10"/>
        <line num="11" count="1" type="stmt"/>
        <line num="13" count="1" type="stmt"/>
        <line num="14" count="1" type="stmt"/>
        <line num="17" count="8" type="stmt"/>
        <line num="18" count="8" type="stmt"/>
        <line num="19" count="8" type="stmt"/>
        <line num="23" count="6" type="stmt"/>
        <line num="26" count="1" type="stmt"/>
        <line num="28" count="5" type="stmt"/>
        <line num="29" count="2" type="stmt"/>
        <line num="30" count="1" type="stmt"/>
        <line num="35" count="1" type="stmt"/>
      </file>
      <file name="user.ts" path="/Users/pierreconnes/Documents/vitilink/vitilink-app/front/src/lib/stores/user.ts">
        <metrics statements="6" coveredstatements="6" conditionals="0" coveredconditionals="0" methods="3" coveredmethods="3"/>
        <line num="4" count="1" type="stmt"/>
        <line num="5" count="1" type="stmt"/>
        <line num="6" count="1" type="stmt"/>
        <line num="8" count="3" type="stmt"/>
        <line num="9" count="6" type="stmt"/>
        <line num="13" count="1" type="stmt"/>
      </file>
    </package>
    <package name="utils">
      <metrics statements="19" coveredstatements="19" conditionals="24" coveredconditionals="23" methods="5" coveredmethods="5"/>
      <file name="annonce.ts" path="/Users/pierreconnes/Documents/vitilink/vitilink-app/front/src/lib/utils/annonce.ts">
        <metrics statements="19" coveredstatements="19" conditionals="24" coveredconditionals="23" methods="5" coveredmethods="5"/>
        <line num="3" count="2" type="cond" truecount="1" falsecount="1"/>
        <line num="5" count="2" type="stmt"/>
        <line num="15" count="2" type="stmt"/>
        <line num="31" count="2" type="stmt"/>
        <line num="42" count="4" type="cond" truecount="2" falsecount="0"/>
        <line num="43" count="3" type="cond" truecount="2" falsecount="0"/>
        <line num="44" count="2" type="stmt"/>
        <line num="48" count="3" type="cond" truecount="2" falsecount="0"/>
        <line num="49" count="2" type="cond" truecount="2" falsecount="0"/>
        <line num="53" count="3" type="cond" truecount="2" falsecount="0"/>
        <line num="54" count="1" type="stmt"/>
        <line num="62" count="4" type="cond" truecount="2" falsecount="0"/>
        <line num="63" count="3" type="cond" truecount="2" falsecount="0"/>
        <line num="64" count="2" type="cond" truecount="2" falsecount="0"/>
        <line num="65" count="1" type="stmt"/>
        <line num="69" count="4" type="cond" truecount="2" falsecount="0"/>
        <line num="70" count="3" type="cond" truecount="2" falsecount="0"/>
        <line num="71" count="2" type="cond" truecount="2" falsecount="0"/>
        <line num="72" count="1" type="stmt"/>
      </file>
    </package>
  </project>
</coverage>
