{"/Users/pierreconnes/Documents/vitilink/vitilink-app/front/src/lib/api/auth.ts": {"path":"/Users/pierreconnes/Documents/vitilink/vitilink-app/front/src/lib/api/auth.ts","statementMap":{"0":{"start":{"line":4,"column":23},"end":{"line":16,"column":null}},"1":{"start":{"line":5,"column":10},"end":{"line":6,"column":null}},"2":{"start":{"line":8,"column":6},"end":{"line":9,"column":null}},"3":{"start":{"line":11,"column":10},"end":{"line":12,"column":null}},"4":{"start":{"line":14,"column":11},"end":{"line":15,"column":null}}},"fnMap":{"0":{"name":"(anonymous_0)","decl":{"start":{"line":5,"column":9},"end":{"line":5,"column":10}},"loc":{"start":{"line":5,"column":10},"end":{"line":6,"column":null}},"line":5},"1":{"name":"(anonymous_1)","decl":{"start":{"line":8,"column":6},"end":{"line":8,"column":null}},"loc":{"start":{"line":8,"column":6},"end":{"line":9,"column":null}},"line":8},"2":{"name":"(anonymous_2)","decl":{"start":{"line":11,"column":10},"end":{"line":11,"column":null}},"loc":{"start":{"line":11,"column":10},"end":{"line":12,"column":null}},"line":11},"3":{"name":"(anonymous_3)","decl":{"start":{"line":14,"column":10},"end":{"line":14,"column":11}},"loc":{"start":{"line":14,"column":11},"end":{"line":15,"column":null}},"line":14}},"branchMap":{},"s":{"0":1,"1":1,"2":1,"3":1,"4":1},"f":{"0":1,"1":1,"2":1,"3":1},"b":{},"meta":{"lastBranch":0,"lastFunction":4,"lastStatement":5,"seen":{"s:4:23:16:Infinity":0,"f:5:9:5:10":0,"s:5:10:6:Infinity":1,"f:8:6:8:Infinity":1,"s:8:6:9:Infinity":2,"f:11:10:11:Infinity":2,"s:11:10:12:Infinity":3,"f:14:10:14:11":3,"s:14:11:15:Infinity":4}}}
,"/Users/pierreconnes/Documents/vitilink/vitilink-app/front/src/lib/api/http.ts": {"path":"/Users/pierreconnes/Documents/vitilink/vitilink-app/front/src/lib/api/http.ts","statementMap":{"0":{"start":{"line":1,"column":17},"end":{"line":1,"column":null}},"1":{"start":{"line":4,"column":14},"end":{"line":8,"column":null}},"2":{"start":{"line":10,"column":15},"end":{"line":10,"column":null}},"3":{"start":{"line":10,"column":45},"end":{"line":10,"column":48}},"4":{"start":{"line":12,"column":2},"end":{"line":14,"column":null}},"5":{"start":{"line":13,"column":4},"end":{"line":13,"column":null}},"6":{"start":{"line":16,"column":2},"end":{"line":16,"column":null}}},"fnMap":{"0":{"name":"http","decl":{"start":{"line":3,"column":22},"end":{"line":3,"column":40}},"loc":{"start":{"line":3,"column":92},"end":{"line":17,"column":null}},"line":3},"1":{"name":"(anonymous_1)","decl":{"start":{"line":10,"column":38},"end":{"line":10,"column":45}},"loc":{"start":{"line":10,"column":45},"end":{"line":10,"column":48}},"line":10}},"branchMap":{"0":{"loc":{"start":{"line":1,"column":17},"end":{"line":1,"column":null}},"type":"binary-expr","locations":[{"start":{"line":1,"column":17},"end":{"line":1,"column":49}},{"start":{"line":1,"column":49},"end":{"line":1,"column":null}}],"line":1},"1":{"loc":{"start":{"line":3,"column":53},"end":{"line":3,"column":92}},"type":"default-arg","locations":[{"start":{"line":3,"column":76},"end":{"line":3,"column":92}}],"line":3},"2":{"loc":{"start":{"line":7,"column":55},"end":{"line":7,"column":78}},"type":"binary-expr","locations":[{"start":{"line":7,"column":55},"end":{"line":7,"column":74}},{"start":{"line":7,"column":74},"end":{"line":7,"column":78}}],"line":7},"3":{"loc":{"start":{"line":12,"column":2},"end":{"line":14,"column":null}},"type":"if","locations":[{"start":{"line":12,"column":2},"end":{"line":14,"column":null}},{"start":{},"end":{}}],"line":12},"4":{"loc":{"start":{"line":13,"column":20},"end":{"line":13,"column":71}},"type":"binary-expr","locations":[{"start":{"line":13,"column":20},"end":{"line":13,"column":36}},{"start":{"line":13,"column":36},"end":{"line":13,"column":54}},{"start":{"line":13,"column":54},"end":{"line":13,"column":71}}],"line":13}},"s":{"0":2,"1":7,"2":7,"3":1,"4":7,"5":3,"6":4},"f":{"0":7,"1":1},"b":{"0":[2,0],"1":[7],"2":[7,6],"3":[3,4],"4":[3,2,1]},"meta":{"lastBranch":5,"lastFunction":2,"lastStatement":7,"seen":{"s:1:17:1:Infinity":0,"b:1:17:1:49:1:49:1:Infinity":0,"f:3:22:3:40":0,"b:3:76:3:92":1,"s:4:14:8:Infinity":1,"b:7:55:7:74:7:74:7:78":2,"s:10:15:10:Infinity":2,"f:10:38:10:45":1,"s:10:45:10:48":3,"b:12:2:14:Infinity:undefined:undefined:undefined:undefined":3,"s:12:2:14:Infinity":4,"s:13:4:13:Infinity":5,"b:13:20:13:36:13:36:13:54:13:54:13:71":4,"s:16:2:16:Infinity":6}}}
,"/Users/pierreconnes/Documents/vitilink/vitilink-app/front/src/lib/stores/toast.ts": {"path":"/Users/pierreconnes/Documents/vitilink/vitilink-app/front/src/lib/stores/toast.ts","statementMap":{"0":{"start":{"line":11,"column":10},"end":{"line":11,"column":null}},"1":{"start":{"line":13,"column":25},"end":{"line":33,"column":null}},"2":{"start":{"line":14,"column":28},"end":{"line":14,"column":null}},"3":{"start":{"line":17,"column":15},"end":{"line":17,"column":null}},"4":{"start":{"line":18,"column":4},"end":{"line":18,"column":null}},"5":{"start":{"line":18,"column":21},"end":{"line":18,"column":55}},"6":{"start":{"line":19,"column":4},"end":{"line":19,"column":null}},"7":{"start":{"line":19,"column":21},"end":{"line":19,"column":33}},"8":{"start":{"line":23,"column":4},"end":{"line":23,"column":null}},"9":{"start":{"line":23,"column":21},"end":{"line":23,"column":52}},"10":{"start":{"line":23,"column":40},"end":{"line":23,"column":51}},"11":{"start":{"line":26,"column":2},"end":{"line":32,"column":null}},"12":{"start":{"line":28,"column":49},"end":{"line":28,"column":null}},"13":{"start":{"line":29,"column":47},"end":{"line":29,"column":null}},"14":{"start":{"line":30,"column":46},"end":{"line":30,"column":null}},"15":{"start":{"line":35,"column":21},"end":{"line":35,"column":null}}},"fnMap":{"0":{"name":"(anonymous_0)","decl":{"start":{"line":13,"column":25},"end":{"line":13,"column":31}},"loc":{"start":{"line":13,"column":31},"end":{"line":33,"column":null}},"line":13},"1":{"name":"add","decl":{"start":{"line":16,"column":11},"end":{"line":16,"column":15}},"loc":{"start":{"line":16,"column":66},"end":{"line":20,"column":null}},"line":16},"2":{"name":"(anonymous_2)","decl":{"start":{"line":18,"column":11},"end":{"line":18,"column":21}},"loc":{"start":{"line":18,"column":21},"end":{"line":18,"column":55}},"line":18},"3":{"name":"(anonymous_3)","decl":{"start":{"line":19,"column":15},"end":{"line":19,"column":21}},"loc":{"start":{"line":19,"column":21},"end":{"line":19,"column":33}},"line":19},"4":{"name":"remove","decl":{"start":{"line":22,"column":11},"end":{"line":22,"column":18}},"loc":{"start":{"line":22,"column":30},"end":{"line":24,"column":null}},"line":22},"5":{"name":"(anonymous_5)","decl":{"start":{"line":23,"column":11},"end":{"line":23,"column":21}},"loc":{"start":{"line":23,"column":21},"end":{"line":23,"column":52}},"line":23},"6":{"name":"(anonymous_6)","decl":{"start":{"line":23,"column":35},"end":{"line":23,"column":40}},"loc":{"start":{"line":23,"column":40},"end":{"line":23,"column":51}},"line":23},"7":{"name":"(anonymous_7)","decl":{"start":{"line":28,"column":13},"end":{"line":28,"column":14}},"loc":{"start":{"line":28,"column":49},"end":{"line":28,"column":null}},"line":28},"8":{"name":"(anonymous_8)","decl":{"start":{"line":29,"column":11},"end":{"line":29,"column":12}},"loc":{"start":{"line":29,"column":47},"end":{"line":29,"column":null}},"line":29},"9":{"name":"(anonymous_9)","decl":{"start":{"line":30,"column":10},"end":{"line":30,"column":11}},"loc":{"start":{"line":30,"column":46},"end":{"line":30,"column":null}},"line":30}},"branchMap":{"0":{"loc":{"start":{"line":16,"column":49},"end":{"line":16,"column":66}},"type":"default-arg","locations":[{"start":{"line":16,"column":60},"end":{"line":16,"column":66}}],"line":16}},"s":{"0":1,"1":1,"2":1,"3":8,"4":8,"5":8,"6":8,"7":2,"8":6,"9":6,"10":6,"11":1,"12":5,"13":2,"14":1,"15":1},"f":{"0":1,"1":8,"2":8,"3":2,"4":6,"5":6,"6":6,"7":5,"8":2,"9":1},"b":{"0":[8]},"meta":{"lastBranch":1,"lastFunction":10,"lastStatement":16,"seen":{"s:11:10:11:Infinity":0,"s:13:25:33:Infinity":1,"f:13:25:13:31":0,"s:14:28:14:Infinity":2,"f:16:11:16:15":1,"b:16:60:16:66":0,"s:17:15:17:Infinity":3,"s:18:4:18:Infinity":4,"f:18:11:18:21":2,"s:18:21:18:55":5,"s:19:4:19:Infinity":6,"f:19:15:19:21":3,"s:19:21:19:33":7,"f:22:11:22:18":4,"s:23:4:23:Infinity":8,"f:23:11:23:21":5,"s:23:21:23:52":9,"f:23:35:23:40":6,"s:23:40:23:51":10,"s:26:2:32:Infinity":11,"f:28:13:28:14":7,"s:28:49:28:Infinity":12,"f:29:11:29:12":8,"s:29:47:29:Infinity":13,"f:30:10:30:11":9,"s:30:46:30:Infinity":14,"s:35:21:35:Infinity":15}}}
,"/Users/pierreconnes/Documents/vitilink/vitilink-app/front/src/lib/stores/user.ts": {"path":"/Users/pierreconnes/Documents/vitilink/vitilink-app/front/src/lib/stores/user.ts","statementMap":{"0":{"start":{"line":4,"column":24},"end":{"line":11,"column":null}},"1":{"start":{"line":5,"column":25},"end":{"line":5,"column":null}},"2":{"start":{"line":6,"column":2},"end":{"line":10,"column":null}},"3":{"start":{"line":8,"column":26},"end":{"line":8,"column":null}},"4":{"start":{"line":9,"column":17},"end":{"line":9,"column":null}},"5":{"start":{"line":13,"column":20},"end":{"line":13,"column":null}}},"fnMap":{"0":{"name":"(anonymous_0)","decl":{"start":{"line":4,"column":24},"end":{"line":4,"column":30}},"loc":{"start":{"line":4,"column":30},"end":{"line":11,"column":null}},"line":4},"1":{"name":"(anonymous_1)","decl":{"start":{"line":8,"column":13},"end":{"line":8,"column":14}},"loc":{"start":{"line":8,"column":26},"end":{"line":8,"column":null}},"line":8},"2":{"name":"(anonymous_2)","decl":{"start":{"line":9,"column":11},"end":{"line":9,"column":17}},"loc":{"start":{"line":9,"column":17},"end":{"line":9,"column":null}},"line":9}},"branchMap":{},"s":{"0":1,"1":1,"2":1,"3":3,"4":6,"5":1},"f":{"0":1,"1":3,"2":6},"b":{},"meta":{"lastBranch":0,"lastFunction":3,"lastStatement":6,"seen":{"s:4:24:11:Infinity":0,"f:4:24:4:30":0,"s:5:25:5:Infinity":1,"s:6:2:10:Infinity":2,"f:8:13:8:14":1,"s:8:26:8:Infinity":3,"f:9:11:9:17":2,"s:9:17:9:Infinity":4,"s:13:20:13:Infinity":5}}}
,"/Users/pierreconnes/Documents/vitilink/vitilink-app/front/src/lib/utils/annonce.ts": {"path":"/Users/pierreconnes/Documents/vitilink/vitilink-app/front/src/lib/utils/annonce.ts","statementMap":{"0":{"start":{"line":3,"column":24},"end":{"line":3,"column":null}},"1":{"start":{"line":5,"column":29},"end":{"line":13,"column":null}},"2":{"start":{"line":15,"column":23},"end":{"line":29,"column":null}},"3":{"start":{"line":31,"column":38},"end":{"line":39,"column":null}},"4":{"start":{"line":42,"column":2},"end":{"line":42,"column":null}},"5":{"start":{"line":42,"column":13},"end":{"line":42,"column":null}},"6":{"start":{"line":43,"column":2},"end":{"line":43,"column":null}},"7":{"start":{"line":43,"column":31},"end":{"line":43,"column":null}},"8":{"start":{"line":44,"column":2},"end":{"line":44,"column":null}},"9":{"start":{"line":48,"column":2},"end":{"line":48,"column":null}},"10":{"start":{"line":48,"column":23},"end":{"line":48,"column":null}},"11":{"start":{"line":49,"column":2},"end":{"line":49,"column":null}},"12":{"start":{"line":53,"column":2},"end":{"line":53,"column":null}},"13":{"start":{"line":53,"column":14},"end":{"line":53,"column":null}},"14":{"start":{"line":54,"column":2},"end":{"line":58,"column":null}},"15":{"start":{"line":62,"column":2},"end":{"line":62,"column":null}},"16":{"start":{"line":62,"column":30},"end":{"line":62,"column":null}},"17":{"start":{"line":63,"column":2},"end":{"line":63,"column":null}},"18":{"start":{"line":63,"column":29},"end":{"line":63,"column":null}},"19":{"start":{"line":64,"column":2},"end":{"line":64,"column":null}},"20":{"start":{"line":64,"column":25},"end":{"line":64,"column":null}},"21":{"start":{"line":65,"column":2},"end":{"line":65,"column":null}},"22":{"start":{"line":69,"column":2},"end":{"line":69,"column":null}},"23":{"start":{"line":69,"column":30},"end":{"line":69,"column":null}},"24":{"start":{"line":70,"column":2},"end":{"line":70,"column":null}},"25":{"start":{"line":70,"column":29},"end":{"line":70,"column":null}},"26":{"start":{"line":71,"column":2},"end":{"line":71,"column":null}},"27":{"start":{"line":71,"column":25},"end":{"line":71,"column":null}},"28":{"start":{"line":72,"column":2},"end":{"line":72,"column":null}}},"fnMap":{"0":{"name":"imageUrl","decl":{"start":{"line":41,"column":16},"end":{"line":41,"column":25}},"loc":{"start":{"line":41,"column":40},"end":{"line":45,"column":null}},"line":41},"1":{"name":"formatVolume","decl":{"start":{"line":47,"column":16},"end":{"line":47,"column":29}},"loc":{"start":{"line":47,"column":47},"end":{"line":50,"column":null}},"line":47},"2":{"name":"formatPrice","decl":{"start":{"line":52,"column":16},"end":{"line":52,"column":28}},"loc":{"start":{"line":52,"column":44},"end":{"line":59,"column":null}},"line":52},"3":{"name":"statusLabel","decl":{"start":{"line":61,"column":16},"end":{"line":61,"column":28}},"loc":{"start":{"line":61,"column":51},"end":{"line":66,"column":null}},"line":61},"4":{"name":"statusClass","decl":{"start":{"line":68,"column":16},"end":{"line":68,"column":28}},"loc":{"start":{"line":68,"column":51},"end":{"line":73,"column":null}},"line":68}},"branchMap":{"0":{"loc":{"start":{"line":3,"column":24},"end":{"line":3,"column":null}},"type":"binary-expr","locations":[{"start":{"line":3,"column":24},"end":{"line":3,"column":56}},{"start":{"line":3,"column":56},"end":{"line":3,"column":null}}],"line":3},"1":{"loc":{"start":{"line":42,"column":2},"end":{"line":42,"column":null}},"type":"if","locations":[{"start":{"line":42,"column":2},"end":{"line":42,"column":null}},{"start":{},"end":{}}],"line":42},"2":{"loc":{"start":{"line":43,"column":2},"end":{"line":43,"column":null}},"type":"if","locations":[{"start":{"line":43,"column":2},"end":{"line":43,"column":null}},{"start":{},"end":{}}],"line":43},"3":{"loc":{"start":{"line":48,"column":2},"end":{"line":48,"column":null}},"type":"if","locations":[{"start":{"line":48,"column":2},"end":{"line":48,"column":null}},{"start":{},"end":{}}],"line":48},"4":{"loc":{"start":{"line":49,"column":54},"end":{"line":49,"column":80}},"type":"binary-expr","locations":[{"start":{"line":49,"column":54},"end":{"line":49,"column":76}},{"start":{"line":49,"column":76},"end":{"line":49,"column":80}}],"line":49},"5":{"loc":{"start":{"line":53,"column":2},"end":{"line":53,"column":null}},"type":"if","locations":[{"start":{"line":53,"column":2},"end":{"line":53,"column":null}},{"start":{},"end":{}}],"line":53},"6":{"loc":{"start":{"line":62,"column":2},"end":{"line":62,"column":null}},"type":"if","locations":[{"start":{"line":62,"column":2},"end":{"line":62,"column":null}},{"start":{},"end":{}}],"line":62},"7":{"loc":{"start":{"line":63,"column":2},"end":{"line":63,"column":null}},"type":"if","locations":[{"start":{"line":63,"column":2},"end":{"line":63,"column":null}},{"start":{},"end":{}}],"line":63},"8":{"loc":{"start":{"line":64,"column":2},"end":{"line":64,"column":null}},"type":"if","locations":[{"start":{"line":64,"column":2},"end":{"line":64,"column":null}},{"start":{},"end":{}}],"line":64},"9":{"loc":{"start":{"line":69,"column":2},"end":{"line":69,"column":null}},"type":"if","locations":[{"start":{"line":69,"column":2},"end":{"line":69,"column":null}},{"start":{},"end":{}}],"line":69},"10":{"loc":{"start":{"line":70,"column":2},"end":{"line":70,"column":null}},"type":"if","locations":[{"start":{"line":70,"column":2},"end":{"line":70,"column":null}},{"start":{},"end":{}}],"line":70},"11":{"loc":{"start":{"line":71,"column":2},"end":{"line":71,"column":null}},"type":"if","locations":[{"start":{"line":71,"column":2},"end":{"line":71,"column":null}},{"start":{},"end":{}}],"line":71}},"s":{"0":2,"1":2,"2":2,"3":2,"4":4,"5":1,"6":3,"7":1,"8":2,"9":3,"10":1,"11":2,"12":3,"13":2,"14":1,"15":4,"16":1,"17":3,"18":1,"19":2,"20":2,"21":1,"22":4,"23":1,"24":3,"25":3,"26":2,"27":2,"28":1},"f":{"0":4,"1":3,"2":3,"3":4,"4":4},"b":{"0":[2,0],"1":[1,3],"2":[1,2],"3":[1,2],"4":[2,1],"5":[2,1],"6":[1,3],"7":[1,2],"8":[1,1],"9":[1,3],"10":[1,2],"11":[1,1]},"meta":{"lastBranch":12,"lastFunction":5,"lastStatement":29,"seen":{"s:3:24:3:Infinity":0,"b:3:24:3:56:3:56:3:Infinity":0,"s:5:29:13:Infinity":1,"s:15:23:29:Infinity":2,"s:31:38:39:Infinity":3,"f:41:16:41:25":0,"b:42:2:42:Infinity:undefined:undefined:undefined:undefined":1,"s:42:2:42:Infinity":4,"s:42:13:42:Infinity":5,"b:43:2:43:Infinity:undefined:undefined:undefined:undefined":2,"s:43:2:43:Infinity":6,"s:43:31:43:Infinity":7,"s:44:2:44:Infinity":8,"f:47:16:47:29":1,"b:48:2:48:Infinity:undefined:undefined:undefined:undefined":3,"s:48:2:48:Infinity":9,"s:48:23:48:Infinity":10,"s:49:2:49:Infinity":11,"b:49:54:49:76:49:76:49:80":4,"f:52:16:52:28":2,"b:53:2:53:Infinity:undefined:undefined:undefined:undefined":5,"s:53:2:53:Infinity":12,"s:53:14:53:Infinity":13,"s:54:2:58:Infinity":14,"f:61:16:61:28":3,"b:62:2:62:Infinity:undefined:undefined:undefined:undefined":6,"s:62:2:62:Infinity":15,"s:62:30:62:Infinity":16,"b:63:2:63:Infinity:undefined:undefined:undefined:undefined":7,"s:63:2:63:Infinity":17,"s:63:29:63:Infinity":18,"b:64:2:64:Infinity:undefined:undefined:undefined:undefined":8,"s:64:2:64:Infinity":19,"s:64:25:64:Infinity":20,"s:65:2:65:Infinity":21,"f:68:16:68:28":4,"b:69:2:69:Infinity:undefined:undefined:undefined:undefined":9,"s:69:2:69:Infinity":22,"s:69:30:69:Infinity":23,"b:70:2:70:Infinity:undefined:undefined:undefined:undefined":10,"s:70:2:70:Infinity":24,"s:70:29:70:Infinity":25,"b:71:2:71:Infinity:undefined:undefined:undefined:undefined":11,"s:71:2:71:Infinity":26,"s:71:25:71:Infinity":27,"s:72:2:72:Infinity":28}}}
}
